<?xml version="1.0" encoding="UTF-8"?>
<testsuites>
    <testsuite name="login-on-the-website;user-success-to-login-on-the-website" tests="7" failures="1" skipped="3">
        <properties>
            <property name="@success" value="true">
            </property>
            <property name="URI" value="/Users/rizkaviosudiro/iCloud Drive (Archive)/Desktop/DATAA/Development/DTI/testing/features/login.feature">
            </property>
        </properties>
        <testcase name="Given user browsing langit musik page" classname="login-on-the-website;user-success-to-login-on-the-website" time="0.000773555">
        </testcase>
        <testcase name="And user cliklogin" classname="login-on-the-website;user-success-to-login-on-the-website" time="0.000187248">
        </testcase>
        <testcase name="And user get a pop up login" classname="login-on-the-website;user-success-to-login-on-the-website" time="0.000114753">
        </testcase>
        <testcase name="And user fill misdn" classname="login-on-the-website;user-success-to-login-on-the-website" time="17.72273715">
            <failure message="WebDriverError: Element &lt;a id=&quot;btnLogin&quot; class=&quot;nav-text text-gold text-2x ng-hide&quot;&gt; could not be scrolled into view">WebDriverError: Element &lt;a id=&quot;btnLogin&quot; class=&quot;nav-text text-gold text-2x ng-hide&quot;&gt; could not be scrolled into view
    at Object.throwDecodedError (/Users/rizkaviosudiro/iCloud Drive (Archive)/Desktop/DATAA/Development/DTI/testing/node_modules/selenium-webdriver/lib/error.js:497:15)
    at parseHttpResponse (/Users/rizkaviosudiro/iCloud Drive (Archive)/Desktop/DATAA/Development/DTI/testing/node_modules/selenium-webdriver/lib/http.js:519:13)
    at /Users/rizkaviosudiro/iCloud Drive (Archive)/Desktop/DATAA/Development/DTI/testing/node_modules/selenium-webdriver/lib/http.js:441:30
    at processTicksAndRejections (internal/process/task_queues.js:93:5)
From: Task: WebElement.click()
    at thenableWebDriverProxy.schedule (/Users/rizkaviosudiro/iCloud Drive (Archive)/Desktop/DATAA/Development/DTI/testing/node_modules/selenium-webdriver/lib/webdriver.js:807:17)
    at WebElementPromise.schedule_ (/Users/rizkaviosudiro/iCloud Drive (Archive)/Desktop/DATAA/Development/DTI/testing/node_modules/selenium-webdriver/lib/webdriver.js:2015:25)
    at WebElementPromise.click (/Users/rizkaviosudiro/iCloud Drive (Archive)/Desktop/DATAA/Development/DTI/testing/node_modules/selenium-webdriver/lib/webdriver.js:2096:17)
    at Object.performClick (/Users/rizkaviosudiro/iCloud Drive (Archive)/Desktop/DATAA/Development/DTI/testing/page-objects/loginBtn.js:13:45)
    at /Users/rizkaviosudiro/iCloud Drive (Archive)/Desktop/DATAA/Development/DTI/testing/step-definitions/login-steps.js:7:34
    at ManagedPromise.invokeCallback_ (/Users/rizkaviosudiro/iCloud Drive (Archive)/Desktop/DATAA/Development/DTI/testing/node_modules/selenium-webdriver/lib/promise.js:1384:14)
    at TaskQueue.execute_ (/Users/rizkaviosudiro/iCloud Drive (Archive)/Desktop/DATAA/Development/DTI/testing/node_modules/selenium-webdriver/lib/promise.js:3092:14)
    at TaskQueue.executeNext_ (/Users/rizkaviosudiro/iCloud Drive (Archive)/Desktop/DATAA/Development/DTI/testing/node_modules/selenium-webdriver/lib/promise.js:3075:27)
    at /Users/rizkaviosudiro/iCloud Drive (Archive)/Desktop/DATAA/Development/DTI/testing/node_modules/selenium-webdriver/lib/promise.js:2935:27
    at /Users/rizkaviosudiro/iCloud Drive (Archive)/Desktop/DATAA/Development/DTI/testing/node_modules/selenium-webdriver/lib/promise.js:676:7</failure>
        </testcase>
        <testcase name="And user fillpassword" classname="login-on-the-website;user-success-to-login-on-the-website">
            <skipped message="">
            </skipped>
        </testcase>
        <testcase name="When user click button login" classname="login-on-the-website;user-success-to-login-on-the-website">
            <skipped message="">
            </skipped>
        </testcase>
        <testcase name="Then user sucess to login" classname="login-on-the-website;user-success-to-login-on-the-website">
            <skipped message="">
            </skipped>
        </testcase>
    </testsuite>
</testsuites>